<?xml version="1.0" encoding="UTF-8"?>
<testsuite name="nl.kabisa.spring.boot.starter.service.config.ApplicationListenerConfigExcludedTest" tests="1" skipped="0" failures="0" errors="0" timestamp="2024-11-28T10:26:51" hostname="VDIONT-MARKSP" time="1.588">
  <properties/>
  <testcase name="testNoListener" classname="nl.kabisa.spring.boot.starter.service.config.ApplicationListenerConfigExcludedTest" time="1.588"/>
  <system-out><![CDATA[]]></system-out>
  <system-err><![CDATA[]]></system-err>
</testsuite>
