<?xml version="1.0" encoding="UTF-8"?>
<testsuite name="nl.kabisa.spring.boot.starter.service.config.ApplicationListenerConfigTest" tests="1" skipped="0" failures="0" errors="0" timestamp="2024-11-28T10:26:52" hostname="VDIONT-MARKSP" time="0.002">
  <properties/>
  <testcase name="testApplicationContext" classname="nl.kabisa.spring.boot.starter.service.config.ApplicationListenerConfigTest" time="0.002"/>
  <system-out><![CDATA[]]></system-out>
  <system-err><![CDATA[]]></system-err>
</testsuite>
