<?xml version="1.0" encoding="UTF-8"?>
<testsuite name="nl.kabisa.spring.boot.starter.database.ApplicationTest" tests="2" skipped="0" failures="0" errors="0" timestamp="2024-11-28T10:26:46" hostname="VDIONT-MARKSP" time="0.744">
  <properties/>
  <testcase name="contextLoads()" classname="nl.kabisa.spring.boot.starter.database.ApplicationTest" time="0.632"/>
  <testcase name="testRepository()" classname="nl.kabisa.spring.boot.starter.database.ApplicationTest" time="0.11"/>
  <system-out><![CDATA[11:26:37.204 [Test worker] INFO org.springframework.test.context.support.AnnotationConfigContextLoaderUtils -- Could not detect default configuration classes for test class [nl.kabisa.spring.boot.starter.database.ApplicationTest]: ApplicationTest does not declare any static, non-private, non-final, nested classes annotated with @Configuration.
11:26:37.475 [Test worker] INFO org.springframework.boot.test.context.SpringBootTestContextBootstrapper -- Found @SpringBootConfiguration nl.kabisa.spring.boot.starter.database.Application for test class nl.kabisa.spring.boot.starter.database.ApplicationTest

  .   ____          _            __ _ _
 /\\ / ___'_ __ _ _(_)_ __  __ _ \ \ \ \
( ( )\___ | '_ | '_| | '_ \/ _` | \ \ \ \
 \\/  ___)| |_)| | | | | || (_| |  ) ) ) )
  '  |____| .__|_| |_|_| |_\__, | / / / /
 =========|_|==============|___/=/_/_/_/

 :: Spring Boot ::                (v3.3.4)

2024-11-28T11:26:38.527+01:00  INFO 27424 --- [    Test worker] n.k.s.b.s.database.ApplicationTest       : Starting ApplicationTest using Java 17.0.9 with PID 27424 (started by MarkSp in D:\github\spring-boot-starter\database-spring-boot-starter)
2024-11-28T11:26:38.530+01:00  INFO 27424 --- [    Test worker] n.k.s.b.s.database.ApplicationTest       : No active profile set, falling back to 1 default profile: "default"
2024-11-28T11:26:39.480+01:00  INFO 27424 --- [    Test worker] .s.d.r.c.RepositoryConfigurationDelegate : Bootstrapping Spring Data JPA repositories in DEFAULT mode.
2024-11-28T11:26:39.579+01:00  INFO 27424 --- [    Test worker] .s.d.r.c.RepositoryConfigurationDelegate : Finished Spring Data repository scanning in 82 ms. Found 1 JPA repository interface.
2024-11-28T11:26:41.043+01:00  INFO 27424 --- [    Test worker] com.zaxxer.hikari.HikariDataSource       : HikariPool-1 - Starting...
2024-11-28T11:26:41.658+01:00  INFO 27424 --- [    Test worker] com.zaxxer.hikari.pool.HikariPool        : HikariPool-1 - Added connection conn0: url=jdbc:h2:mem:51bbf817-dcd0-4c74-8805-25c05a7b40c2 user=SA
2024-11-28T11:26:41.662+01:00  INFO 27424 --- [    Test worker] com.zaxxer.hikari.HikariDataSource       : HikariPool-1 - Start completed.
2024-11-28T11:26:41.807+01:00  INFO 27424 --- [    Test worker] org.flywaydb.core.FlywayExecutor         : Database: jdbc:h2:mem:51bbf817-dcd0-4c74-8805-25c05a7b40c2 (H2 2.2)
2024-11-28T11:26:41.822+01:00  WARN 27424 --- [    Test worker] o.f.c.internal.database.base.Database    : Flyway upgrade recommended: H2 2.2.224 is newer than this version of Flyway and support has not been tested. The latest supported version of H2 is 2.2.220.
2024-11-28T11:26:41.866+01:00  INFO 27424 --- [    Test worker] o.f.c.i.s.JdbcTableSchemaHistory         : Schema history table "PUBLIC"."flyway_schema_history" does not exist yet
2024-11-28T11:26:41.873+01:00  INFO 27424 --- [    Test worker] o.f.core.internal.command.DbValidate     : Successfully validated 1 migration (execution time 00:00.029s)
2024-11-28T11:26:41.889+01:00  INFO 27424 --- [    Test worker] o.f.c.i.s.JdbcTableSchemaHistory         : Creating Schema History table "PUBLIC"."flyway_schema_history" ...
2024-11-28T11:26:41.963+01:00  INFO 27424 --- [    Test worker] o.f.core.internal.command.DbMigrate      : Current version of schema "PUBLIC": << Empty Schema >>
2024-11-28T11:26:41.975+01:00  INFO 27424 --- [    Test worker] o.f.core.internal.command.DbMigrate      : Migrating schema "PUBLIC" to version "1.0.0 - initial setup"
2024-11-28T11:26:42.010+01:00  INFO 27424 --- [    Test worker] o.f.core.internal.command.DbMigrate      : Successfully applied 1 migration to schema "PUBLIC", now at version v1.0.0 (execution time 00:00.008s)
2024-11-28T11:26:42.258+01:00  INFO 27424 --- [    Test worker] o.hibernate.jpa.internal.util.LogHelper  : HHH000204: Processing PersistenceUnitInfo [name: default]
2024-11-28T11:26:42.386+01:00  INFO 27424 --- [    Test worker] org.hibernate.Version                    : HHH000412: Hibernate ORM core version 6.5.3.Final
2024-11-28T11:26:42.469+01:00  INFO 27424 --- [    Test worker] o.h.c.internal.RegionFactoryInitiator    : HHH000026: Second-level cache disabled
2024-11-28T11:26:43.333+01:00  INFO 27424 --- [    Test worker] o.s.o.j.p.SpringPersistenceUnitInfo      : No LoadTimeWeaver setup: ignoring JPA class transformer
2024-11-28T11:26:45.402+01:00  INFO 27424 --- [    Test worker] o.h.e.t.j.p.i.JtaPlatformInitiator       : HHH000489: No JTA platform available (set 'hibernate.transaction.jta.platform' to enable JTA platform integration)
2024-11-28T11:26:45.407+01:00  INFO 27424 --- [    Test worker] j.LocalContainerEntityManagerFactoryBean : Initialized JPA EntityManagerFactory for persistence unit 'default'
2024-11-28T11:26:46.108+01:00  INFO 27424 --- [    Test worker] n.k.s.b.s.database.ApplicationTest       : Started ApplicationTest in 8.253 seconds (process running for 11.421)
]]></system-out>
  <system-err><![CDATA[]]></system-err>
</testsuite>
